app/build/intermediates/manifest_merge_blame_file/debug/manifest-merger-blame-debug-report.txt
1<?xml version="1.0" encoding="utf-8"?>
2<manifest xmlns:android="http://schemas.android.com/apk/res/android"
3    package="com.example.tasarimj"
4    android:versionCode="1"
5    android:versionName="1.0" >
6
7    <uses-sdk
7-->src\main\AndroidManifest.xml:7:5-69
8        android:minSdkVersion="16"
8-->src\main\AndroidManifest.xml:7:5-69
9        android:targetSdkVersion="28" />
9-->src\main\AndroidManifest.xml:7:5-69
10
11    <uses-permission android:name="android.permission.INTERNET" />
11-->src\main\AndroidManifest.xml:6:5-67
11-->src\main\AndroidManifest.xml:6:22-64
12
13    <application
13-->src\main\AndroidManifest.xml:8:5-86:19
14        android:allowBackup="true"
14-->src\main\AndroidManifest.xml:9:9-35
15        android:appComponentFactory="androidx.core.app.CoreComponentFactory"
15-->[androidx.core:core:1.0.0] AndroidManifest.xml:22:18-86
16        android:debuggable="true"
17        android:icon="@drawable/logo"
17-->src\main\AndroidManifest.xml:10:9-38
18        android:label="@string/app_name"
18-->src\main\AndroidManifest.xml:11:9-41
19        android:roundIcon="@drawable/logo"
19-->src\main\AndroidManifest.xml:12:9-43
20        android:supportsRtl="true"
20-->src\main\AndroidManifest.xml:13:9-35
21        android:testOnly="true"
22        android:theme="@style/AppTheme"
22-->src\main\AndroidManifest.xml:14:9-40
23        android:usesCleartextTraffic="true" >
23-->src\main\AndroidManifest.xml:15:9-44
24        <activity
24-->src\main\AndroidManifest.xml:19:9-30:20
25            android:name="com.example.tasarimj.Activites.Splash"
25-->src\main\AndroidManifest.xml:20:13-45
26            android:screenOrientation="fullSensor"
26-->src\main\AndroidManifest.xml:21:13-51
27            android:theme="@style/Theme.AppCompat.Light.NoActionBar" >
27-->src\main\AndroidManifest.xml:22:13-69
28            <intent-filter>
28-->src\main\AndroidManifest.xml:26:9-29:25
29                <action android:name="android.intent.action.MAIN" />
29-->src\main\AndroidManifest.xml:27:13-65
29-->src\main\AndroidManifest.xml:27:21-62
30
31                <category android:name="android.intent.category.LAUNCHER" />
31-->src\main\AndroidManifest.xml:28:13-73
31-->src\main\AndroidManifest.xml:28:23-70
32            </intent-filter>
33        </activity>
34        <activity
34-->src\main\AndroidManifest.xml:31:9-38:15
35            android:name="com.example.tasarimj.Activites.LoginActivity"
35-->src\main\AndroidManifest.xml:32:13-52
36            android:configChanges="locale|orientation"
36-->src\main\AndroidManifest.xml:35:13-55
37            android:screenOrientation="portrait"
37-->src\main\AndroidManifest.xml:33:13-49
38            android:theme="@style/Theme.AppCompat.Light.NoActionBar"
38-->src\main\AndroidManifest.xml:34:13-69
39            android:windowSoftInputMode="adjustPan|adjustResize" />
39-->src\main\AndroidManifest.xml:37:13-65
40        <activity
40-->src\main\AndroidManifest.xml:39:9-46:15
41            android:name="com.example.tasarimj.Activites.SignUpActivity"
41-->src\main\AndroidManifest.xml:40:13-53
42            android:configChanges="locale|orientation"
42-->src\main\AndroidManifest.xml:43:13-55
43            android:screenOrientation="portrait"
43-->src\main\AndroidManifest.xml:41:13-49
44            android:theme="@style/Theme.AppCompat.Light.NoActionBar"
44-->src\main\AndroidManifest.xml:42:13-69
45            android:windowSoftInputMode="adjustPan|adjustResize" />
45-->src\main\AndroidManifest.xml:45:13-65
46        <activity
46-->src\main\AndroidManifest.xml:47:9-52:56
47            android:name="com.example.tasarimj.Activites.UserActivity"
47-->src\main\AndroidManifest.xml:48:13-51
48            android:configChanges="locale|orientation"
48-->src\main\AndroidManifest.xml:51:13-55
49            android:screenOrientation="portrait"
49-->src\main\AndroidManifest.xml:49:13-49
50            android:theme="@style/Theme.AppCompat.Light.NoActionBar" />
50-->src\main\AndroidManifest.xml:50:13-69
51        <activity
51-->src\main\AndroidManifest.xml:53:9-60:15
52            android:name="com.example.tasarimj.Activites.AddDeviceActivity"
52-->src\main\AndroidManifest.xml:54:13-56
53            android:configChanges="locale|orientation"
53-->src\main\AndroidManifest.xml:56:13-55
54            android:screenOrientation="portrait"
54-->src\main\AndroidManifest.xml:55:13-49
55            android:theme="@style/Theme.AppCompat.Light.NoActionBar"
55-->src\main\AndroidManifest.xml:57:13-69
56            android:windowSoftInputMode="adjustPan|adjustResize" />
56-->src\main\AndroidManifest.xml:59:13-65
57        <activity
57-->src\main\AndroidManifest.xml:61:9-66:56
58            android:name="com.example.tasarimj.Activites.WorkDetailActivity"
58-->src\main\AndroidManifest.xml:62:13-57
59            android:configChanges="locale|orientation"
59-->src\main\AndroidManifest.xml:64:13-55
60            android:screenOrientation="portrait"
60-->src\main\AndroidManifest.xml:63:13-49
61            android:theme="@style/Theme.AppCompat.Light.NoActionBar" />
61-->src\main\AndroidManifest.xml:65:13-69
62        <activity
62-->src\main\AndroidManifest.xml:67:9-73:15
63            android:name="com.example.tasarimj.Activites.WashingSettingActivity"
63-->src\main\AndroidManifest.xml:68:13-61
64            android:configChanges="locale|orientation"
64-->src\main\AndroidManifest.xml:70:13-55
65            android:screenOrientation="portrait"
65-->src\main\AndroidManifest.xml:69:13-49
66            android:theme="@style/Theme.AppCompat.Light.NoActionBar" />
66-->src\main\AndroidManifest.xml:71:13-69
67        <activity
67-->src\main\AndroidManifest.xml:74:9-79:56
68            android:name="com.example.tasarimj.Activites.DeviceListActivity"
68-->src\main\AndroidManifest.xml:75:13-57
69            android:configChanges="locale|orientation"
69-->src\main\AndroidManifest.xml:77:13-55
70            android:screenOrientation="portrait"
70-->src\main\AndroidManifest.xml:76:13-49
71            android:theme="@style/Theme.AppCompat.Light.NoActionBar" />
71-->src\main\AndroidManifest.xml:78:13-69
72        <activity
72-->src\main\AndroidManifest.xml:80:9-85:56
73            android:name="com.example.tasarimj.Activites.DeviceDetailActivity"
73-->src\main\AndroidManifest.xml:81:13-59
74            android:configChanges="locale|orientation"
74-->src\main\AndroidManifest.xml:83:13-55
75            android:screenOrientation="portrait"
75-->src\main\AndroidManifest.xml:82:13-49
76            android:theme="@style/Theme.AppCompat.Light.NoActionBar" />
76-->src\main\AndroidManifest.xml:84:13-69
77    </application>
78
79</manifest>